<?xml version="1.0" encoding="UTF-8"?>
<testsuite xmlns:xsi="http://www.w3.org/2001/XMLSchema-instance" xsi:noNamespaceSchemaLocation="https://maven.apache.org/surefire/maven-surefire-plugin/xsd/surefire-test-report-3.0.xsd" version="3.0" name="com.jabberpoint.memento.MementoTest" time="0.0" tests="8" errors="0" skipped="0" failures="0">
  <properties>
[...]
</properties>
  <testcase name="clearHistoryRemovesAllMementosFromHistory" classname="com.jabberpoint.memento.MementoTest" time="0.0"/>
  <testcase name="mementoConstructorSetsTitleAndSlides" classname="com.jabberpoint.memento.MementoTest" time="0.0"/>
  <testcase name="getAndSetHistoryChangesTheHistoryStackInCaretaker" classname="com.jabberpoint.memento.MementoTest" time="0.0"/>
  <testcase name="presentationCaretakerSaveAndLoadRestoresPresentationState" classname="com.jabberpoint.memento.MementoTest" time="0.0"/>
  <testcase name="presentationCaretakerSupportsMultipleUndos" classname="com.jabberpoint.memento.MementoTest" time="0.0"/>
  <testcase name="setSavedSlidesChangesTheSlidesInMemento" classname="com.jabberpoint.memento.MementoTest" time="0.0"/>
  <testcase name="setSavedTitleChangesTheTitleInMemento" classname="com.jabberpoint.memento.MementoTest" time="0.0"/>
  <testcase name="presentationCaretakerLoadWithEmptyHistoryDoesNotChangePresentation" classname="com.jabberpoint.memento.MementoTest" time="0.0"/>
</testsuite>