<?xml version="1.0" encoding="UTF-8"?>
<testsuite xmlns:xsi="http://www.w3.org/2001/XMLSchema-instance" xsi:noNamespaceSchemaLocation="https://maven.apache.org/surefire/maven-surefire-plugin/xsd/surefire-test-report-3.0.xsd" version="3.0" name="com.jabberpoint.ui.SlideViewerComponentTest" time="0.357" tests="13" errors="0" skipped="0" failures="0">
  <properties>
[...]
</properties>
  <testcase name="updateWithNullDataJustRepaints" classname="com.jabberpoint.ui.SlideViewerComponentTest" time="0.341"/>
  <testcase name="paintComponentWithLargeSlideNumberFormatsCorrectly" classname="com.jabberpoint.ui.SlideViewerComponentTest" time="0.001"/>
  <testcase name="paintComponentWithDifferentBackgroundColors" classname="com.jabberpoint.ui.SlideViewerComponentTest" time="0.001"/>
  <testcase name="updateChangesSlideAndUpdatesFrameTitle" classname="com.jabberpoint.ui.SlideViewerComponentTest" time="0.002"/>
  <testcase name="updateWithDifferentPresentationChangesStoredPresentation" classname="com.jabberpoint.ui.SlideViewerComponentTest" time="0.002"/>
  <testcase name="paintComponentWithZeroSlidesHandlesCorrectly" classname="com.jabberpoint.ui.SlideViewerComponentTest" time="0.001"/>
  <testcase name="getPreferredSizeReturnsCorrectDimensions" classname="com.jabberpoint.ui.SlideViewerComponentTest" time="0.001"/>
  <testcase name="paintComponentDrawsSlideInformation" classname="com.jabberpoint.ui.SlideViewerComponentTest" time="0.001"/>
  <testcase name="paintComponentDoesNothingWhenSlideNumberIsNegative" classname="com.jabberpoint.ui.SlideViewerComponentTest" time="0.001"/>
  <testcase name="componentCreationSucceeds" classname="com.jabberpoint.ui.SlideViewerComponentTest" time="0.001"/>
  <testcase name="paintComponentDrawsSlideNumberAndTotalSlides" classname="com.jabberpoint.ui.SlideViewerComponentTest" time="0.0"/>
  <testcase name="componentIsFocusable" classname="com.jabberpoint.ui.SlideViewerComponentTest" time="0.001"/>
  <testcase name="paintComponentDoesNothingWhenSlideIsNull" classname="com.jabberpoint.ui.SlideViewerComponentTest" time="0.001"/>
</testsuite>